<?xml version="1.0" encoding="UTF-8"?>
<!-- Generated by org.testng.reporters.JUnitReportReporter -->
<testsuite hostname="MURALI-QA" name="com.test.angular.suite.Company_Cleaner_Signup_Test" tests="1" failures="0" timestamp="28 Aug 2019 11:18:08 GMT" time="354.778" errors="0">
  <testcase name="companyOwnerSignup" time="354.778" classname="com.test.angular.suite.Company_Cleaner_Signup_Test"/>
</testsuite> <!-- com.test.angular.suite.Company_Cleaner_Signup_Test -->
