<?xml version="1.0" encoding="UTF-8"?>
<!-- Generated by org.testng.reporters.JUnitReportReporter -->
<testsuite hostname="VIMAL" name="com.test.angular.suite.Login_Test" tests="1" failures="0" timestamp="16 Mar 2020 12:38:47 GMT" time="128.826" errors="0">
  <testcase name="Login" time="128.826" classname="com.test.angular.suite.Login_Test"/>
</testsuite> <!-- com.test.angular.suite.Login_Test -->
