<?xml version="1.0" encoding="UTF-8"?>
<!-- Generated by org.testng.reporters.JUnitReportReporter -->
<testsuite hostname="LAPTOP-FPAGRC4V" name="com.test.angular.suite.ExistingUser_Login_Test" tests="1" failures="0" timestamp="6 Jul 2020 20:39:51 GMT" time="134.657" errors="0">
  <testcase name="Login" time="134.657" classname="com.test.angular.suite.ExistingUser_Login_Test"/>
</testsuite> <!-- com.test.angular.suite.ExistingUser_Login_Test -->
