<?xml version="1.0" encoding="UTF-8"?>
<!-- Generated by org.testng.reporters.JUnitReportReporter -->
<testsuite hostname="MURALI-QA" name="com.test.angular.suite.Company_Owner_Signup" tests="1" failures="0" timestamp="2 May 2019 14:53:24 GMT" time="30.201" errors="0">
  <testcase name="companyOwnerSignup" time="30.201" classname="com.test.angular.suite.Company_Owner_Signup"/>
</testsuite> <!-- com.test.angular.suite.Company_Owner_Signup -->
