<?xml version="1.0" encoding="UTF-8"?>
<!-- Generated by org.testng.reporters.JUnitReportReporter -->
<testsuite hostname="LAPTOP-FPAGRC4V" name="com.test.angular.suite.Items_Page_Alisha" tests="1" failures="0" timestamp="4 Jul 2020 14:51:44 GMT" time="0.011" errors="0">
  <testcase name="flow" time="0.011" classname="com.test.angular.suite.Items_Page_Alisha"/>
</testsuite> <!-- com.test.angular.suite.Items_Page_Alisha -->
