<?xml version="1.0" encoding="UTF-8"?>
<!-- Generated by org.testng.reporters.JUnitReportReporter -->
<testsuite hostname="MURALI-QA" name="com.test.angular.suite.Simple_NeigborSignUp" tests="1" failures="0" timestamp="3 May 2019 09:03:08 GMT" time="869.698" errors="0">
  <testcase name="SignUp_Neighbor" time="869.698" classname="com.test.angular.suite.Simple_NeigborSignUp"/>
</testsuite> <!-- com.test.angular.suite.Simple_NeigborSignUp -->
