<?xml version="1.0" encoding="UTF-8"?>
<!-- Generated by org.testng.reporters.JUnitReportReporter -->
<testsuite hostname="DESKTOP-6MJTGIG" name="com.test.mobile.suite.App_Neighbor_SignUp_Test" tests="1" failures="0" timestamp="22 Feb 2019 06:47:55 GMT" time="190.500" errors="0">
  <testcase name="SignUp_Neighbor" time="190.500" classname="com.test.mobile.suite.App_Neighbor_SignUp_Test"/>
</testsuite> <!-- com.test.mobile.suite.App_Neighbor_SignUp_Test -->
