<?xml version="1.0" encoding="UTF-8"?>
<!-- Generated by org.testng.reporters.JUnitReportReporter -->
<testsuite hostname="DESKTOP-6MJTGIG" name="com.test.mobile.suite.App_Register_Test" tests="1" failures="0" timestamp="12 Feb 2019 10:13:08 GMT" time="309.683" errors="0">
  <testcase name="registerUser" time="309.683" classname="com.test.mobile.suite.App_Register_Test"/>
</testsuite> <!-- com.test.mobile.suite.App_Register_Test -->
