<?xml version="1.0" encoding="UTF-8"?>
<!-- Generated by org.testng.reporters.JUnitReportReporter -->
<testsuite hostname="DESKTOP-6MJTGIG" name="com.test.angular.suite.VerifyProfile_Test" tests="1" failures="0" timestamp="21 Jan 2019 09:03:10 GMT" time="51.207" errors="0">
  <testcase name="Login" time="51.207" classname="com.test.angular.suite.VerifyProfile_Test"/>
</testsuite> <!-- com.test.angular.suite.VerifyProfile_Test -->
