<?xml version="1.0" encoding="UTF-8"?>
<!-- Generated by org.testng.reporters.JUnitReportReporter -->
<testsuite hostname="MURALI-QA" name="com.test.angular.suite.Vendor_SignUp_Test" tests="1" failures="0" timestamp="23 Aug 2019 05:56:51 GMT" time="573.593" errors="0">
  <testcase name="SignUp_Neighbor" time="573.593" classname="com.test.angular.suite.Vendor_SignUp_Test"/>
</testsuite> <!-- com.test.angular.suite.Vendor_SignUp_Test -->
