<?xml version="1.0" encoding="UTF-8"?>
<!-- Generated by org.testng.reporters.JUnitReportReporter -->
<testsuite hostname="MURALI-QA" name="com.test.angular.suite.Company_Owner_Signup_Test" tests="1" failures="0" timestamp="12 Sep 2019 11:39:31 GMT" time="11.938" errors="0">
  <testcase name="companyOwnerSignup" time="11.938" classname="com.test.angular.suite.Company_Owner_Signup_Test"/>
</testsuite> <!-- com.test.angular.suite.Company_Owner_Signup_Test -->
