<?xml version="1.0" encoding="UTF-8"?>
<!-- Generated by org.testng.reporters.JUnitReportReporter -->
<testsuite hostname="VIMAL" name="com.test.angular.suite.Neighbour_Dashboard_Test" tests="1" failures="0" timestamp="21 Jan 2020 07:37:31 GMT" time="160.021" errors="0">
  <testcase name="YourCleaning" time="160.021" classname="com.test.angular.suite.Neighbour_Dashboard_Test"/>
</testsuite> <!-- com.test.angular.suite.Neighbour_Dashboard_Test -->
