<?xml version="1.0" encoding="UTF-8"?>
<!-- Generated by org.testng.reporters.JUnitReportReporter -->
<testsuite hostname="MURALI-QA" name="com.test.angular.suite.VendorDashboard_Test" tests="1" failures="0" timestamp="13 Sep 2019 08:45:53 GMT" time="48.803" errors="0">
  <testcase name="vendorDashboardFlow" time="48.803" classname="com.test.angular.suite.VendorDashboard_Test"/>
</testsuite> <!-- com.test.angular.suite.VendorDashboard_Test -->
