<?xml version="1.0" encoding="UTF-8"?>
<!-- Generated by org.testng.reporters.JUnitReportReporter -->
<testsuite hostname="MURALI-QA" name="com.test.angular.suite.Register_Test" tests="1" failures="0" timestamp="27 Sep 2019 12:26:10 GMT" time="36.762" errors="0">
  <testcase name="UserRegistration" time="36.762" classname="com.test.angular.suite.Register_Test"/>
</testsuite> <!-- com.test.angular.suite.Register_Test -->
