<?xml version="1.0" encoding="UTF-8"?>
<!-- Generated by org.testng.reporters.JUnitReportReporter -->
<testsuite hostname="MURALI-QA" name="com.test.angular.suite.Invite_Neighbor_Test" tests="1" failures="0" timestamp="13 Mar 2019 13:21:03 GMT" time="924.046" errors="0">
  <testcase name="invite_Neighbor_Flow" time="924.046" classname="com.test.angular.suite.Invite_Neighbor_Test"/>
</testsuite> <!-- com.test.angular.suite.Invite_Neighbor_Test -->
