<?xml version="1.0" encoding="UTF-8"?>
<!-- Generated by org.testng.reporters.JUnitReportReporter -->
<testsuite hostname="VIMAL" name="com.test.angular.suite.Neighbor_SignUp_Test" tests="1" failures="0" timestamp="13 Jan 2020 13:08:30 GMT" time="254.298" errors="0">
  <testcase name="SignUp_Neighbor" time="254.298" classname="com.test.angular.suite.Neighbor_SignUp_Test"/>
</testsuite> <!-- com.test.angular.suite.Neighbor_SignUp_Test -->
