<?xml version="1.0" encoding="UTF-8"?>
<!-- Generated by org.testng.reporters.JUnitReportReporter -->
<testsuite hostname="MURALI-QA" name="com.test.angular.suite.Yopmail_Signup" tests="1" failures="0" timestamp="23 Aug 2019 05:56:51 GMT" time="41.075" errors="0">
  <testcase name="UserRegistration" time="41.075" classname="com.test.angular.suite.Yopmail_Signup"/>
</testsuite> <!-- com.test.angular.suite.Yopmail_Signup -->
