<?xml version="1.0" encoding="UTF-8"?>
<!-- Generated by org.testng.reporters.JUnitReportReporter -->
<testsuite hostname="DESKTOP-6MJTGIG" name="com.test.mobile.pages.TellTo" tests="1" failures="0" timestamp="11 Feb 2019 07:44:54 GMT" time="1.829" errors="0">
  <testcase name="Tell" time="1.829" classname="com.test.mobile.pages.TellTo"/>
</testsuite> <!-- com.test.mobile.pages.TellTo -->
